mode: set
test-fif-integraciones-tlv/pkg/utils/utils.go:18.46,19.16 1 1
test-fif-integraciones-tlv/pkg/utils/utils.go:22.2,22.18 1 1
test-fif-integraciones-tlv/pkg/utils/utils.go:19.16,21.3 1 1
test-fif-integraciones-tlv/pkg/utils/utils.go:25.59,28.20 3 1
test-fif-integraciones-tlv/pkg/utils/utils.go:31.2,31.18 1 1
test-fif-integraciones-tlv/pkg/utils/utils.go:28.20,30.3 1 1
test-fif-integraciones-tlv/pkg/utils/utils.go:34.46,36.102 1 1
test-fif-integraciones-tlv/pkg/utils/utils.go:40.2,40.18 1 1
test-fif-integraciones-tlv/pkg/utils/utils.go:36.102,39.3 2 1
test-fif-integraciones-tlv/pkg/parser/parser.go:12.58,17.16 4 1
test-fif-integraciones-tlv/pkg/parser/parser.go:20.2,25.20 6 1
test-fif-integraciones-tlv/pkg/parser/parser.go:87.2,87.15 1 1
test-fif-integraciones-tlv/pkg/parser/parser.go:17.16,19.3 1 1
test-fif-integraciones-tlv/pkg/parser/parser.go:25.20,27.40 2 1
test-fif-integraciones-tlv/pkg/parser/parser.go:27.40,30.18 3 1
test-fif-integraciones-tlv/pkg/parser/parser.go:34.4,38.18 5 1
test-fif-integraciones-tlv/pkg/parser/parser.go:41.4,45.18 5 1
test-fif-integraciones-tlv/pkg/parser/parser.go:48.4,56.23 5 1
test-fif-integraciones-tlv/pkg/parser/parser.go:30.18,33.5 2 1
test-fif-integraciones-tlv/pkg/parser/parser.go:38.18,40.5 1 1
test-fif-integraciones-tlv/pkg/parser/parser.go:45.18,47.5 1 1
test-fif-integraciones-tlv/pkg/parser/parser.go:56.23,58.5 1 0
test-fif-integraciones-tlv/pkg/parser/parser.go:59.9,62.18 3 1
test-fif-integraciones-tlv/pkg/parser/parser.go:65.4,69.18 5 1
test-fif-integraciones-tlv/pkg/parser/parser.go:72.4,75.18 4 1
test-fif-integraciones-tlv/pkg/parser/parser.go:78.4,84.39 3 1
test-fif-integraciones-tlv/pkg/parser/parser.go:62.18,64.5 1 1
test-fif-integraciones-tlv/pkg/parser/parser.go:69.18,71.5 1 1
test-fif-integraciones-tlv/pkg/parser/parser.go:75.18,77.5 1 1
